2022-05-27 09:53:09,197 [Worker-6: Loading available Gradle versions] INFO  o.e.b.c.i.u.g.PublishedGradleVersions - Gradle version information cache is up-to-date. Trying to read.
2022-05-27 09:57:47,724 [Worker-11: Importing Maven projects] INFO  o.e.m.c.i.l.LifecycleMappingFactory - Using org.maven.ide.eclipse.wtp.WarLifecycleMapping lifecycle mapping for MavenProject: FOI:Gestor-Multimedia:0.0.1-SNAPSHOT @ D:\Formacion\TrabajoEnEquipo\ProyectoMultimedia\workbench\Gestor-Multimedia\pom.xml.
2022-05-27 09:57:50,435 [Worker-11: Importing Maven projects] INFO  o.e.m.j.i.AbstractJavaProjectConfigurator - Adding source folder /Gestor-Multimedia/src/main/java
2022-05-27 09:57:50,440 [Worker-11: Importing Maven projects] INFO  o.e.m.j.i.AbstractJavaProjectConfigurator - Adding source folder /Gestor-Multimedia/src/test/java
2022-05-27 09:57:52,184 [Worker-11: Importing Maven projects] INFO  o.e.m.c.i.p.ProjectConfigurationManager - Imported and configured 1 project(s) in 6 sec
2022-05-27 09:57:53,265 [Worker-10: Building] INFO  o.e.m.c.i.embedder.EclipseLogger - Using 'UTF-8' encoding to copy filtered resources.
2022-05-27 09:57:53,265 [Worker-10: Building] INFO  o.e.m.c.i.embedder.EclipseLogger - Using 'UTF-8' encoding to copy filtered properties files.
2022-05-27 09:57:53,265 [Worker-10: Building] INFO  o.e.m.c.i.embedder.EclipseLogger - skip non existing resourceDirectory D:\Formacion\TrabajoEnEquipo\ProyectoMultimedia\workbench\Gestor-Multimedia\src\main\resources
2022-05-27 09:57:53,265 [Worker-10: Building] INFO  o.e.m.c.i.embedder.EclipseLogger - skip non existing resourceDirectory D:\Formacion\TrabajoEnEquipo\ProyectoMultimedia\workbench\Gestor-Multimedia\src\main\resources
2022-05-27 09:57:53,267 [Worker-10: Building] INFO  o.e.m.c.i.embedder.EclipseLogger - Using 'UTF-8' encoding to copy filtered resources.
2022-05-27 09:57:53,268 [Worker-10: Building] INFO  o.e.m.c.i.embedder.EclipseLogger - Using 'UTF-8' encoding to copy filtered properties files.
2022-05-27 09:57:53,268 [Worker-10: Building] INFO  o.e.m.c.i.embedder.EclipseLogger - skip non existing resourceDirectory D:\Formacion\TrabajoEnEquipo\ProyectoMultimedia\workbench\Gestor-Multimedia\src\test\resources
2022-05-27 09:58:08,445 [Worker-4: Importing Maven projects] INFO  o.e.m.c.i.l.LifecycleMappingFactory - Using org.maven.ide.eclipse.wtp.WarLifecycleMapping lifecycle mapping for MavenProject: com.exampl:u27-Ejercicio4:0.0.1-SNAPSHOT @ D:\Formacion\TrabajoEnEquipo\UD27\java-full-stack-dev-u27-Ejercicio4\u27-Ejercicio4\pom.xml.
2022-05-27 09:58:08,806 [Worker-4: Importing Maven projects] INFO  o.e.m.j.i.AbstractJavaProjectConfigurator - Adding source folder /u27-Ejercicio4/src/main/java
2022-05-27 09:58:08,806 [Worker-4: Importing Maven projects] INFO  o.e.m.j.i.AbstractJavaProjectConfigurator - Adding resource folder /u27-Ejercicio4/src/main/resources
2022-05-27 09:58:08,806 [Worker-4: Importing Maven projects] INFO  o.e.m.j.i.AbstractJavaProjectConfigurator - Adding resource folder /u27-Ejercicio4/src/main/resources
2022-05-27 09:58:08,807 [Worker-4: Importing Maven projects] INFO  o.e.m.j.i.AbstractJavaProjectConfigurator - Adding source folder /u27-Ejercicio4/src/test/java
2022-05-27 09:58:09,122 [Worker-4: Importing Maven projects] INFO  o.e.m.c.i.p.ProjectConfigurationManager - Imported and configured 1 project(s) in 0 sec
2022-05-27 09:58:09,928 [Worker-4: Building] INFO  o.e.m.c.i.embedder.EclipseLogger - Using 'UTF-8' encoding to copy filtered resources.
2022-05-27 09:58:09,928 [Worker-4: Building] INFO  o.e.m.c.i.embedder.EclipseLogger - Using 'UTF-8' encoding to copy filtered properties files.
2022-05-27 09:58:09,932 [Worker-4: Building] INFO  o.e.m.c.i.embedder.EclipseLogger - Copying 1 resource
2022-05-27 09:58:09,943 [Worker-4: Building] INFO  o.e.m.c.i.embedder.EclipseLogger - Copying 1 resource
2022-05-27 09:58:09,951 [Worker-4: Building] INFO  o.e.m.c.i.embedder.EclipseLogger - Using 'UTF-8' encoding to copy filtered resources.
2022-05-27 09:58:09,951 [Worker-4: Building] INFO  o.e.m.c.i.embedder.EclipseLogger - Using 'UTF-8' encoding to copy filtered properties files.
2022-05-27 09:58:09,951 [Worker-4: Building] INFO  o.e.m.c.i.embedder.EclipseLogger - skip non existing resourceDirectory D:\Formacion\TrabajoEnEquipo\UD27\java-full-stack-dev-u27-Ejercicio4\u27-Ejercicio4\src\test\resources
2022-05-27 09:58:23,259 [Worker-10: Building] INFO  o.e.m.c.i.embedder.EclipseLogger - Using 'UTF-8' encoding to copy filtered resources.
2022-05-27 09:58:23,259 [Worker-10: Building] INFO  o.e.m.c.i.embedder.EclipseLogger - Using 'UTF-8' encoding to copy filtered properties files.
2022-05-27 09:58:23,259 [Worker-10: Building] INFO  o.e.m.c.i.embedder.EclipseLogger - skip non existing resourceDirectory D:\Formacion\TrabajoEnEquipo\ProyectoMultimedia\workbench\Gestor-Multimedia\src\main\resources
2022-05-27 09:58:23,259 [Worker-10: Building] INFO  o.e.m.c.i.embedder.EclipseLogger - skip non existing resourceDirectory D:\Formacion\TrabajoEnEquipo\ProyectoMultimedia\workbench\Gestor-Multimedia\src\main\resources
2022-05-27 09:58:23,260 [Worker-10: Building] INFO  o.e.m.c.i.embedder.EclipseLogger - Using 'UTF-8' encoding to copy filtered resources.
2022-05-27 09:58:23,260 [Worker-10: Building] INFO  o.e.m.c.i.embedder.EclipseLogger - Using 'UTF-8' encoding to copy filtered properties files.
2022-05-27 09:58:23,260 [Worker-10: Building] INFO  o.e.m.c.i.embedder.EclipseLogger - skip non existing resourceDirectory D:\Formacion\TrabajoEnEquipo\ProyectoMultimedia\workbench\Gestor-Multimedia\src\test\resources
2022-05-27 09:58:23,274 [Worker-10: Building] INFO  o.e.m.c.i.embedder.EclipseLogger - Using 'UTF-8' encoding to copy filtered resources.
2022-05-27 09:58:23,274 [Worker-10: Building] INFO  o.e.m.c.i.embedder.EclipseLogger - Using 'UTF-8' encoding to copy filtered properties files.
2022-05-27 09:58:23,275 [Worker-10: Building] INFO  o.e.m.c.i.embedder.EclipseLogger - Copying 0 resource
2022-05-27 09:58:23,275 [Worker-10: Building] INFO  o.e.m.c.i.embedder.EclipseLogger - Copying 0 resource
2022-05-27 09:58:23,276 [Worker-10: Building] INFO  o.e.m.c.i.embedder.EclipseLogger - Using 'UTF-8' encoding to copy filtered resources.
2022-05-27 09:58:23,276 [Worker-10: Building] INFO  o.e.m.c.i.embedder.EclipseLogger - Using 'UTF-8' encoding to copy filtered properties files.
2022-05-27 09:58:23,276 [Worker-10: Building] INFO  o.e.m.c.i.embedder.EclipseLogger - skip non existing resourceDirectory D:\Formacion\TrabajoEnEquipo\UD27\java-full-stack-dev-u27-Ejercicio4\u27-Ejercicio4\src\test\resources
